[Licensing::Module] Trying to connect to existing licensing client channel...
Built from '6000.3/staging' branch; Version is '6000.3.11f1 (3000ef702840) revision 3145967'; Using compiler version '194234433'; Build Type 'Release'
OS: 'Windows 11  (10.0.26200) Professional' Language: 'es' Physical Memory: 16075 MB
BatchMode: 1, IsHumanControllingUs: 0, StartBugReporterOnCrash: 0, Is64bit: 1
System  architecture: x64
Process architecture: x64
Date: 2026-04-21T08:59:47Z
[Licensing::IpcConnector] Successfully connected to: "LicenseClient-Usuario" at "2026-04-21T08:59:47.349635Z"

COMMAND LINE ARGUMENTS:
C:\Users\Usuario\Documents\Emily\Simulacion\6000.3.11f1-x86_64\Editor\Unity.exe
-adb2
-batchMode
-noUpm
-name
AssetImportWorker0
-projectPath
C:/Users/Usuario/Documents/Emily/Museos y tecnologias/Oro-y-papel-Expo
-logFile
Logs/AssetImportWorker0.log
-srvPort
65095
-licensingIpc
LicenseClient-Usuario
-job-worker-count
3
-background-job-worker-count
8
-gc-helper-count
1
-name
AssetImport
Successfully changed project path to: C:/Users/Usuario/Documents/Emily/Museos y tecnologias/Oro-y-papel-Expo
C:/Users/Usuario/Documents/Emily/Museos y tecnologias/Oro-y-papel-Expo
[UnityMemory] Configuration Parameters - Can be set up in boot.config
    "memorysetup-temp-allocator-size-nav-mesh-worker=65536"
    "memorysetup-temp-allocator-size-audio-worker=65536"
    "memorysetup-temp-allocator-size-gfx=262144"
    "memorysetup-allocator-temp-initial-block-size-main=262144"
    "memorysetup-allocator-temp-initial-block-size-worker=262144"
    "memorysetup-temp-allocator-size-background-worker=32768"
    "memorysetup-temp-allocator-size-job-worker=262144"
    "memorysetup-temp-allocator-size-preload-manager=33554432"
    "memorysetup-temp-allocator-size-gi-baking-worker=262144"
    "memorysetup-temp-allocator-size-gi-baking-worker=262144"
    "memorysetup-temp-allocator-size-gi-baking-worker=262144"
    "memorysetup-temp-allocator-size-gi-baking-worker=262144"
    "memorysetup-temp-allocator-size-gi-baking-worker=262144"
    "memorysetup-bucket-allocator-granularity=16"
    "memorysetup-bucket-allocator-bucket-count=8"
    "memorysetup-bucket-allocator-block-size=33554432"
    "memorysetup-bucket-allocator-block-count=8"
    "memorysetup-main-allocator-block-size=16777216"
    "memorysetup-thread-allocator-block-size=16777216"
    "memorysetup-gfx-main-allocator-block-size=16777216"
    "memorysetup-gfx-thread-allocator-block-size=16777216"
    "memorysetup-cache-allocator-block-size=4194304"
    "memorysetup-typetree-allocator-block-size=2097152"
    "memorysetup-profiler-bucket-allocator-granularity=16"
    "memorysetup-profiler-bucket-allocator-bucket-count=8"
    "memorysetup-profiler-bucket-allocator-block-size=33554432"
    "memorysetup-profiler-bucket-allocator-block-count=8"
    "memorysetup-profiler-allocator-block-size=16777216"
    "memorysetup-profiler-editor-allocator-block-size=1048576"
    "memorysetup-temp-allocator-size-main=16777216"
    "memorysetup-job-temp-allocator-block-size=2097152"
    "memorysetup-job-temp-allocator-block-size-background=1048576"
    "memorysetup-job-temp-allocator-reduction-small-platforms=262144"
    "memorysetup-temp-allocator-size-cloud-worker=32768"
Player connection [21840]  Target information:

Player connection [21840]  * "[IP] 172.31.224.1 [Port] 0 [Flags] 2 [Guid] 97323059 [EditorId] 97323059 [Version] 1048832 [Id] WindowsEditor(7,DESKTOP-GOSQKS5) [Debug] 1 [PackageName] WindowsEditor [ProjectName] Editor" 

Player connection [21840]  * "[IP] 192.168.128.7 [Port] 0 [Flags] 2 [Guid] 97323059 [EditorId] 97323059 [Version] 1048832 [Id] WindowsEditor(7,DESKTOP-GOSQKS5) [Debug] 1 [PackageName] WindowsEditor [ProjectName] Editor" 

Player connection [21840] Host joined multi-casting on [225.0.0.222:54997]...
Player connection [21840] Host joined alternative multi-casting on [225.0.0.222:34997]...
JobSystem: Creating JobQueue using job-worker-count value 3
Input System module state changed to: Initialized.
[Physics::Module] Initialized fallback backend.
[Physics::Module] Id: 0xdecafbad
Library Redirect Path: Library/
[Physics::Module] Selected backend.
[Physics::Module] Name: PhysX
[Physics::Module] Id: 0xf2b8ea05
[Physics::Module] SDK Version: 4.1.2
[Physics::Module] Integration Version: 1.0.0
[Physics::Module] Threading Mode: Multi-Threaded
Refreshing native plugins compatible for Editor in 4.15 ms, found 3 plugins.
Preloading 0 native plugins for Editor in 0.00 ms.
Initialize engine version: 6000.3.11f1 (3000ef702840)
[Subsystems] Discovering subsystems at path C:/Users/Usuario/Documents/Emily/Simulacion/6000.3.11f1-x86_64/Editor/Data/Resources/UnitySubsystems
[Subsystems] Discovering subsystems at path C:/Users/Usuario/Documents/Emily/Museos y tecnologias/Oro-y-papel-Expo/Assets
GfxDevice: creating device client; kGfxThreadingModeNonThreaded
Direct3D:
    Version:  Direct3D 11.0 [level 11.1]
    Renderer: NVIDIA GeForce RTX 3070 Laptop GPU (ID=0x249d)
    Vendor:   NVIDIA
    VRAM:     8020 MB
    Driver:   32.0.15.5597
Initialize mono
Mono path[0] = 'C:/Users/Usuario/Documents/Emily/Simulacion/6000.3.11f1-x86_64/Editor/Data/Managed'
Mono path[1] = 'C:/Users/Usuario/Documents/Emily/Simulacion/6000.3.11f1-x86_64/Editor/Data/MonoBleedingEdge/lib/mono/unityjit-win32'
Mono config path = 'C:/Users/Usuario/Documents/Emily/Simulacion/6000.3.11f1-x86_64/Editor/Data/MonoBleedingEdge/etc'
Using monoOptions --debugger-agent=transport=dt_socket,embedding=1,server=y,suspend=n,address=127.0.0.1:56756
Begin MonoManager ReloadAssembly
Registering precompiled unity dll's ...
Register platform support module: C:/Users/Usuario/Documents/Emily/Simulacion/6000.3.11f1-x86_64/Editor/Data/PlaybackEngines/WindowsStandaloneSupport/UnityEditor.WindowsStandalone.Extensions.dll
[Licensing::Module] Licensing is not yet initialized.
[Licensing::Client] Error: HandshakeResponse reported an error:
	ResponseCode: 505
	ResponseStatus: Unsupported protocol version '1.18.0'.
[Licensing::Module] Error: Failed to handshake to channel: "LicenseClient-Usuario"
[Licensing::IpcConnector] LicenseClient-Usuario channel disconnected successfully.
[Licensing::IpcConnector] Successfully connected to: "LicenseClient-Usuario-6000.3.11" at "2026-04-21T08:59:50.6970294Z"
[Licensing::Client] Handshaking with LicensingClient:
  Version:                 1.18.0+23225a6
  Session Id:              baa727c4eacd4ae89523af6a4318b367
  Correlation Id:          c48617fd5308cb3b75564084a411e6aa
  External correlation Id: 2674681146591898261
  Machine Id:              8RkJVNN/EbKDTggCvtiREU4YRgs=
[Licensing::Module] Successfully connected to LicensingClient on channel: "LicenseClient-Usuario-6000.3.11" (connect: 0.00s, validation: 0.00s, handshake: 0.17s)
[Licensing::IpcConnector] Successfully connected to: "LicenseClient-Usuario-6000.3.11-notifications" at "2026-04-21T08:59:50.8698386Z"
[Licensing::Module] Licensing Background thread has ended after 3.52s
[Licensing::Module] Licensing is initialized (took 2.33s).
[Licensing::Client] Successfully resolved entitlement details
[Licensing::Module] License group:
  Id: 4674068728694-UnityPersXXXX
  Product: Unity Personal
  Type: Assigned
  Expiration: Unlimited
Trying to register platform support module: C:/Users/Usuario/Documents/Emily/Simulacion/6000.3.11f1-x86_64/Editor/Data/PlaybackEngines/AndroidPlayer/UnityEditor.Android.Extensions.dll (that doesn't exist). Retrying without overrides.
Platform support module is not available: C:/Users/Usuario/Documents/Emily/Simulacion/6000.3.11f1-x86_64/Editor/Data/PlaybackEngines/AndroidPlayer/UnityEditor.Android.Extensions.dll
Registered in 2.339415 seconds.
- Loaded All Assemblies, in  2.996 seconds
Native extension for WindowsStandalone target not found
Package Manager log level set to [2]
[Package Manager] Failed to launch server process. Reason: Unity was launched with the -noUpm command-line argument
[Package Manager] Unable to send message (not connected to server process).
[Package Manager] Cannot connect to Unity Package Manager local server
ScheduleIndexationOnStartup MainProcess:False IndexOnStartup:True
Mono: successfully reloaded assembly
- Finished resetting the current domain, in  0.582 seconds
Domain Reload Profiling: 3575ms
	BeginReloadAssembly (230ms)
		ExecutionOrderSort (0ms)
		DisableScriptedObjects (0ms)
		BackupInstance (0ms)
		ReleaseScriptingObjects (0ms)
		CreateAndSetChildDomain (1ms)
	RebuildCommonClasses (48ms)
	RebuildNativeTypeToScriptingClass (19ms)
	initialDomainReloadingComplete (2396ms)
	LoadAllAssembliesAndSetupDomain (299ms)
		LoadAssemblies (225ms)
		RebuildTransferFunctionScriptingTraits (0ms)
		AnalyzeDomain (292ms)
			TypeCache.Refresh (290ms)
				TypeCache.ScanAssembly (263ms)
			BuildScriptInfoCaches (0ms)
			ResolveRequiredComponents (1ms)
	FinalizeReload (583ms)
		ReleaseScriptCaches (0ms)
		RebuildScriptCaches (0ms)
		SetupLoadedEditorAssemblies (497ms)
			LogAssemblyErrors (0ms)
			InitializePlatformSupportModulesInManaged (72ms)
			SetLoadedEditorAssemblies (6ms)
			BeforeProcessingInitializeOnLoad (115ms)
			ProcessInitializeOnLoadAttributes (160ms)
			ProcessInitializeOnLoadMethodAttributes (144ms)
			AfterProcessingInitializeOnLoad (0ms)
			EditorAssembliesLoaded (0ms)
		ExecutionOrderSort2 (0ms)
		AwakeInstancesAfterBackupRestoration (0ms)
========================================================================
Worker process is ready to serve import requests
Import Worker Mode flag is 0x00
Begin MonoManager ReloadAssembly
[Licensing::Client] Successfully resolved entitlement details
- Loaded All Assemblies, in  0.995 seconds
Refreshing native plugins compatible for Editor in 1.10 ms, found 3 plugins.
Native extension for WindowsStandalone target not found
[Package Manager] Failed to launch server process. Reason: Unity was launched with the -noUpm command-line argument
[Package Manager] Unable to send message (not connected to server process).
[Package Manager] Cannot connect to Unity Package Manager local server
[Package Manager] Failed to launch server process. Reason: Unity was launched with the -noUpm command-line argument
[Package Manager] Unable to send message (not connected to server process).
[Package Manager] Cannot connect to Unity Package Manager local server
ScheduleIndexationOnStartup MainProcess:False IndexOnStartup:True
Mono: successfully reloaded assembly
- Finished resetting the current domain, in  0.905 seconds
Domain Reload Profiling: 1896ms
	BeginReloadAssembly (297ms)
		ExecutionOrderSort (0ms)
		DisableScriptedObjects (12ms)
		BackupInstance (0ms)
		ReleaseScriptingObjects (0ms)
		CreateAndSetChildDomain (49ms)
	RebuildCommonClasses (60ms)
	RebuildNativeTypeToScriptingClass (20ms)
	initialDomainReloadingComplete (52ms)
	LoadAllAssembliesAndSetupDomain (562ms)
		LoadAssemblies (453ms)
		RebuildTransferFunctionScriptingTraits (0ms)
		AnalyzeDomain (263ms)
			TypeCache.Refresh (207ms)
				TypeCache.ScanAssembly (187ms)
			BuildScriptInfoCaches (47ms)
			ResolveRequiredComponents (5ms)
	FinalizeReload (905ms)
		ReleaseScriptCaches (0ms)
		RebuildScriptCaches (0ms)
		SetupLoadedEditorAssemblies (768ms)
			LogAssemblyErrors (0ms)
			InitializePlatformSupportModulesInManaged (2ms)
			SetLoadedEditorAssemblies (4ms)
			BeforeProcessingInitializeOnLoad (144ms)
			ProcessInitializeOnLoadAttributes (567ms)
			ProcessInitializeOnLoadMethodAttributes (46ms)
			AfterProcessingInitializeOnLoad (5ms)
			EditorAssembliesLoaded (0ms)
		ExecutionOrderSort2 (0ms)
		AwakeInstancesAfterBackupRestoration (9ms)
Launched and connected shader compiler UnityShaderCompiler.exe after 0.03 seconds
Refreshing native plugins compatible for Editor in 1.50 ms, found 3 plugins.
Preloading 0 native plugins for Editor in 0.00 ms.
Unloading 0 Unused Serialized files (Serialized files now loaded: 0)
Unloading 3894 unused Assets / (1.4 MB). Loaded Objects now: 4479.
Memory consumption went from 93.5 MB to 92.2 MB.
Total: 10.045800 ms (FindLiveObjects: 1.019300 ms CreateObjectMapping: 1.258700 ms MarkObjects: 6.394300 ms  DeleteObjects: 1.372200 ms)

========================================================================
Received Import Request.
  Time since last request: 48630.462076 seconds.
  path: Assets/Scenes/01_BaseColor.png
  artifactKey: Guid(9c09bdd07bb8aa44fb06ebec35b3d3b5) Importer(815301076,1909f56bfc062723c751e8b465ee728b)
Start importing Assets/Scenes/01_BaseColor.png using Guid(9c09bdd07bb8aa44fb06ebec35b3d3b5) Importer(815301076,1909f56bfc062723c751e8b465ee728b) (PreviewImporter) -> (artifact id: '5855e82de838814f749ab6b2a52f72ef') in 0.0831427 seconds
Number of updated asset objects reloaded before import = 0Number of asset objects unloaded after import = 2

========================================================================
Received Import Request.
  Time since last request: 12.050218 seconds.
  path: Assets/Scenes/matMarco.mat
  artifactKey: Guid(c2ee832ab1ce1644f88c4013337dffa8) Importer(815301076,1909f56bfc062723c751e8b465ee728b)
Start importing Assets/Scenes/matMarco.mat using Guid(c2ee832ab1ce1644f88c4013337dffa8) Importer(815301076,1909f56bfc062723c751e8b465ee728b) (PreviewImporter) -> (artifact id: 'eaec7ce3c2f92fda25125029f1fa4cf7') in 0.0718658 seconds
Number of updated asset objects reloaded before import = 0Number of asset objects unloaded after import = 1

========================================================================
Received Import Request.
  Time since last request: 0.884353 seconds.
  path: Assets/Scenes/matMarco.mat
  artifactKey: Guid(c2ee832ab1ce1644f88c4013337dffa8) Importer(2089858483,b0f066a214c2f5e87bad3c948f4d605d)
Start importing Assets/Scenes/matMarco.mat using Guid(c2ee832ab1ce1644f88c4013337dffa8) Importer(2089858483,b0f066a214c2f5e87bad3c948f4d605d) (ScriptedImporter) -> (artifact id: 'fe523cec07897971eb44e761789ebf4e') in 0.0971274 seconds
Number of updated asset objects reloaded before import = 0Number of asset objects unloaded after import = 1

========================================================================
Received Import Request.
  Time since last request: 73.221468 seconds.
  path: Assets/Scenes/matMarco.mat
  artifactKey: Guid(c2ee832ab1ce1644f88c4013337dffa8) Importer(815301076,1909f56bfc062723c751e8b465ee728b)
Start importing Assets/Scenes/matMarco.mat using Guid(c2ee832ab1ce1644f88c4013337dffa8) Importer(815301076,1909f56bfc062723c751e8b465ee728b) (PreviewImporter) -> (artifact id: 'd87c255d4504f08c5b924452d137382b') in 0.0289567 seconds
Number of updated asset objects reloaded before import = 0Number of asset objects unloaded after import = 2

========================================================================
Received Import Request.
  Time since last request: 0.929441 seconds.
  path: Assets/Scenes/matMarco.mat
  artifactKey: Guid(c2ee832ab1ce1644f88c4013337dffa8) Importer(2089858483,b0f066a214c2f5e87bad3c948f4d605d)
Start importing Assets/Scenes/matMarco.mat using Guid(c2ee832ab1ce1644f88c4013337dffa8) Importer(2089858483,b0f066a214c2f5e87bad3c948f4d605d) (ScriptedImporter) -> (artifact id: '1b68a2678a125511539c5fdf26e9886e') in 0.011396 seconds
Number of updated asset objects reloaded before import = 0Number of asset objects unloaded after import = 2

========================================================================
Received Import Request.
  Time since last request: 60.250291 seconds.
  path: Assets/Scenes/light_b_BaseColor.png
  artifactKey: Guid(aee8c831b238b0a40ba1dcc51b375bb5) Importer(815301076,1909f56bfc062723c751e8b465ee728b)
Start importing Assets/Scenes/light_b_BaseColor.png using Guid(aee8c831b238b0a40ba1dcc51b375bb5) Importer(815301076,1909f56bfc062723c751e8b465ee728b) (PreviewImporter) -> (artifact id: '49c2fd5dd469df3f8137b5ee7aeaa5cd') in 0.0227194 seconds
Number of updated asset objects reloaded before import = 0Number of asset objects unloaded after import = 2

========================================================================
Received Import Request.
  Time since last request: 0.959897 seconds.
  path: Assets/Scenes/light_b_BaseColor.png
  artifactKey: Guid(aee8c831b238b0a40ba1dcc51b375bb5) Importer(2089858483,b0f066a214c2f5e87bad3c948f4d605d)
Start importing Assets/Scenes/light_b_BaseColor.png using Guid(aee8c831b238b0a40ba1dcc51b375bb5) Importer(2089858483,b0f066a214c2f5e87bad3c948f4d605d) (ScriptedImporter) -> (artifact id: 'fd12590a22dc4c4b217a4a301ac4b982') in 0.0570499 seconds
Number of updated asset objects reloaded before import = 0Number of asset objects unloaded after import = 1

========================================================================
Received Import Request.
  Time since last request: 10.917272 seconds.
  path: Assets/Scenes/baseColor.mat
  artifactKey: Guid(83b80475549c77645aa6d801f6ca3769) Importer(815301076,1909f56bfc062723c751e8b465ee728b)
Start importing Assets/Scenes/baseColor.mat using Guid(83b80475549c77645aa6d801f6ca3769) Importer(815301076,1909f56bfc062723c751e8b465ee728b) (PreviewImporter) -> (artifact id: '3b340d740506a5522d111dfec046f168') in 0.014429 seconds
Number of updated asset objects reloaded before import = 0Number of asset objects unloaded after import = 1

========================================================================
Received Import Request.
  Time since last request: 0.949996 seconds.
  path: Assets/Scenes/baseColor.mat
  artifactKey: Guid(83b80475549c77645aa6d801f6ca3769) Importer(2089858483,b0f066a214c2f5e87bad3c948f4d605d)
Start importing Assets/Scenes/baseColor.mat using Guid(83b80475549c77645aa6d801f6ca3769) Importer(2089858483,b0f066a214c2f5e87bad3c948f4d605d) (ScriptedImporter) -> (artifact id: '7a54f8574a31957f842af876cad0aeec') in 0.0074624 seconds
Number of updated asset objects reloaded before import = 0Number of asset objects unloaded after import = 1

========================================================================
Received Import Request.
  Time since last request: 18.423129 seconds.
  path: Assets/Scenes/metallic.png
  artifactKey: Guid(a3ddf63b8fb1d484fa07e10a721dbc1e) Importer(815301076,1909f56bfc062723c751e8b465ee728b)
Start importing Assets/Scenes/metallic.png using Guid(a3ddf63b8fb1d484fa07e10a721dbc1e) Importer(815301076,1909f56bfc062723c751e8b465ee728b) (PreviewImporter) -> (artifact id: '0d7f443e08bcf190f966b0c248a762ff') in 0.0285466 seconds
Number of updated asset objects reloaded before import = 0Number of asset objects unloaded after import = 2

========================================================================
Received Import Request.
  Time since last request: 3.674033 seconds.
  path: Assets/Scenes/metallic.png
  artifactKey: Guid(a3ddf63b8fb1d484fa07e10a721dbc1e) Importer(2089858483,b0f066a214c2f5e87bad3c948f4d605d)
Start importing Assets/Scenes/metallic.png using Guid(a3ddf63b8fb1d484fa07e10a721dbc1e) Importer(2089858483,b0f066a214c2f5e87bad3c948f4d605d) (ScriptedImporter) -> (artifact id: '425139c70cebf4e2bd9939873e1aae83') in 0.0149267 seconds
Number of updated asset objects reloaded before import = 0Number of asset objects unloaded after import = 1

========================================================================
Received Import Request.
  Time since last request: 1.849095 seconds.
  path: Assets/Scenes/light_b_Normal.png
  artifactKey: Guid(9aa94a240b2e33f488b26e7cc6d9141b) Importer(815301076,1909f56bfc062723c751e8b465ee728b)
Start importing Assets/Scenes/light_b_Normal.png using Guid(9aa94a240b2e33f488b26e7cc6d9141b) Importer(815301076,1909f56bfc062723c751e8b465ee728b) (PreviewImporter) -> (artifact id: '1b53d910bc321f142a0dcdd5506d50e4') in 0.0181334 seconds
Number of updated asset objects reloaded before import = 0Number of asset objects unloaded after import = 2

========================================================================
Received Import Request.
  Time since last request: 0.965189 seconds.
  path: Assets/Scenes/light_b_Normal.png
  artifactKey: Guid(9aa94a240b2e33f488b26e7cc6d9141b) Importer(2089858483,b0f066a214c2f5e87bad3c948f4d605d)
Start importing Assets/Scenes/light_b_Normal.png using Guid(9aa94a240b2e33f488b26e7cc6d9141b) Importer(2089858483,b0f066a214c2f5e87bad3c948f4d605d) (ScriptedImporter) -> (artifact id: '7ed298d476d14a47103fb12f426e123a') in 0.0210981 seconds
Number of updated asset objects reloaded before import = 0Number of asset objects unloaded after import = 1

========================================================================
Received Import Request.
  Time since last request: 77.283603 seconds.
  path: Assets/Scenes/light_b_Emissive.png
  artifactKey: Guid(e0a22aa3a4da8af4bb400b67f1033ae3) Importer(815301076,1909f56bfc062723c751e8b465ee728b)
Start importing Assets/Scenes/light_b_Emissive.png using Guid(e0a22aa3a4da8af4bb400b67f1033ae3) Importer(815301076,1909f56bfc062723c751e8b465ee728b) (PreviewImporter) -> (artifact id: '4e4e789bb0458ce68ed5150f0b2fdf6d') in 0.0270228 seconds
Number of updated asset objects reloaded before import = 0Number of asset objects unloaded after import = 2

========================================================================
Received Import Request.
  Time since last request: 0.945048 seconds.
  path: Assets/Scenes/light_b_Emissive.png
  artifactKey: Guid(e0a22aa3a4da8af4bb400b67f1033ae3) Importer(2089858483,b0f066a214c2f5e87bad3c948f4d605d)
Start importing Assets/Scenes/light_b_Emissive.png using Guid(e0a22aa3a4da8af4bb400b67f1033ae3) Importer(2089858483,b0f066a214c2f5e87bad3c948f4d605d) (ScriptedImporter) -> (artifact id: '90e80381186de945c83161c625467317') in 0.0141417 seconds
Number of updated asset objects reloaded before import = 0Number of asset objects unloaded after import = 1

========================================================================
Received Prepare
Begin MonoManager ReloadAssembly
[Licensing::Client] Successfully resolved entitlement details
- Loaded All Assemblies, in  0.810 seconds
Refreshing native plugins compatible for Editor in 0.84 ms, found 3 plugins.
Native extension for WindowsStandalone target not found
[Package Manager] Failed to launch server process. Reason: Unity was launched with the -noUpm command-line argument
[Package Manager] Unable to send message (not connected to server process).
[Package Manager] Cannot connect to Unity Package Manager local server
[Package Manager] Failed to launch server process. Reason: Unity was launched with the -noUpm command-line argument
[Package Manager] Unable to send message (not connected to server process).
[Package Manager] Cannot connect to Unity Package Manager local server
ScheduleIndexationOnStartup MainProcess:False IndexOnStartup:True
Mono: successfully reloaded assembly
- Finished resetting the current domain, in  0.917 seconds
Domain Reload Profiling: 1724ms
	BeginReloadAssembly (269ms)
		ExecutionOrderSort (0ms)
		DisableScriptedObjects (10ms)
		BackupInstance (0ms)
		ReleaseScriptingObjects (0ms)
		CreateAndSetChildDomain (70ms)
	RebuildCommonClasses (45ms)
	RebuildNativeTypeToScriptingClass (16ms)
	initialDomainReloadingComplete (38ms)
	LoadAllAssembliesAndSetupDomain (438ms)
		LoadAssemblies (378ms)
		RebuildTransferFunctionScriptingTraits (0ms)
		AnalyzeDomain (190ms)
			TypeCache.Refresh (7ms)
				TypeCache.ScanAssembly (0ms)
			BuildScriptInfoCaches (171ms)
			ResolveRequiredComponents (7ms)
	FinalizeReload (917ms)
		ReleaseScriptCaches (0ms)
		RebuildScriptCaches (0ms)
		SetupLoadedEditorAssemblies (768ms)
			LogAssemblyErrors (0ms)
			InitializePlatformSupportModulesInManaged (2ms)
			SetLoadedEditorAssemblies (3ms)
			BeforeProcessingInitializeOnLoad (166ms)
			ProcessInitializeOnLoadAttributes (534ms)
			ProcessInitializeOnLoadMethodAttributes (53ms)
			AfterProcessingInitializeOnLoad (10ms)
			EditorAssembliesLoaded (0ms)
		ExecutionOrderSort2 (0ms)
		AwakeInstancesAfterBackupRestoration (10ms)
Refreshing native plugins compatible for Editor in 1.53 ms, found 3 plugins.
Preloading 0 native plugins for Editor in 0.00 ms.
Unloading 0 Unused Serialized files (Serialized files now loaded: 0)
Unloading 3892 unused Assets / (1.0 MB). Loaded Objects now: 4525.
Memory consumption went from 95.1 MB to 94.1 MB.
Total: 12.105200 ms (FindLiveObjects: 0.595100 ms CreateObjectMapping: 0.411600 ms MarkObjects: 9.419100 ms  DeleteObjects: 1.677900 ms)

Prepare: number of updated asset objects reloaded= 0
========================================================================
Received Import Request.
  Time since last request: 94.182491 seconds.
  path: Assets/Scenes/baseColor.mat
  artifactKey: Guid(83b80475549c77645aa6d801f6ca3769) Importer(815301076,1909f56bfc062723c751e8b465ee728b)
Start importing Assets/Scenes/baseColor.mat using Guid(83b80475549c77645aa6d801f6ca3769) Importer(815301076,1909f56bfc062723c751e8b465ee728b) (PreviewImporter) -> (artifact id: 'd27386b88ad7f75bb94daf7b02bed174') in 0.3547169 seconds
Number of updated asset objects reloaded before import = 0Number of asset objects unloaded after import = 5

========================================================================
Received Import Request.
  Time since last request: 36.000139 seconds.
  path: Assets/Scenes/baseColor.mat
  artifactKey: Guid(83b80475549c77645aa6d801f6ca3769) Importer(2089858483,b0f066a214c2f5e87bad3c948f4d605d)
Start importing Assets/Scenes/baseColor.mat using Guid(83b80475549c77645aa6d801f6ca3769) Importer(2089858483,b0f066a214c2f5e87bad3c948f4d605d) (ScriptedImporter) -> (artifact id: 'c244aafb8f59747ce376c1f63c6be3df') in 0.0978786 seconds
Number of updated asset objects reloaded before import = 0Number of asset objects unloaded after import = 5

========================================================================
Received Import Request.
  Time since last request: 5.070144 seconds.
  path: Assets/Scenes/vitrinaMat.mat
  artifactKey: Guid(f59dacbda41d4664ca4f23fcf01313fd) Importer(815301076,1909f56bfc062723c751e8b465ee728b)
Start importing Assets/Scenes/vitrinaMat.mat using Guid(f59dacbda41d4664ca4f23fcf01313fd) Importer(815301076,1909f56bfc062723c751e8b465ee728b) (PreviewImporter) -> (artifact id: '38bfd9db5b672b225322cdc233c06faa') in 0.0089055 seconds
Number of updated asset objects reloaded before import = 0Number of asset objects unloaded after import = 1

========================================================================
Received Import Request.
  Time since last request: 0.943661 seconds.
  path: Assets/Scenes/vitrinaMat.mat
  artifactKey: Guid(f59dacbda41d4664ca4f23fcf01313fd) Importer(2089858483,b0f066a214c2f5e87bad3c948f4d605d)
Start importing Assets/Scenes/vitrinaMat.mat using Guid(f59dacbda41d4664ca4f23fcf01313fd) Importer(2089858483,b0f066a214c2f5e87bad3c948f4d605d) (ScriptedImporter) -> (artifact id: 'd4fb59e7c1fc77817b12e07fb5189659') in 0.0119442 seconds
Number of updated asset objects reloaded before import = 0Number of asset objects unloaded after import = 1

========================================================================
Received Import Request.
  Time since last request: 6.222378 seconds.
  path: Assets/Scenes/M_fabric_Normal.jpeg
  artifactKey: Guid(d6213d02bf5ae054fa965d59a8ab1f86) Importer(815301076,1909f56bfc062723c751e8b465ee728b)
Start importing Assets/Scenes/M_fabric_Normal.jpeg using Guid(d6213d02bf5ae054fa965d59a8ab1f86) Importer(815301076,1909f56bfc062723c751e8b465ee728b) (PreviewImporter) -> (artifact id: 'c25c8195bfa2900205db9bbcf6241e5d') in 0.0373694 seconds
Number of updated asset objects reloaded before import = 0Number of asset objects unloaded after import = 2

========================================================================
Received Import Request.
  Time since last request: 0.924654 seconds.
  path: Assets/Scenes/M_fabric_Normal.jpeg
  artifactKey: Guid(d6213d02bf5ae054fa965d59a8ab1f86) Importer(2089858483,b0f066a214c2f5e87bad3c948f4d605d)
Start importing Assets/Scenes/M_fabric_Normal.jpeg using Guid(d6213d02bf5ae054fa965d59a8ab1f86) Importer(2089858483,b0f066a214c2f5e87bad3c948f4d605d) (ScriptedImporter) -> (artifact id: '38b43ba287bccd6c742e268737a7bb30') in 0.055138 seconds
Number of updated asset objects reloaded before import = 0Number of asset objects unloaded after import = 1

========================================================================
Received Import Request.
  Time since last request: 3.572996 seconds.
  path: Assets/Scenes/espacio museo.fbx
  artifactKey: Guid(d7493b50af5608d4ab96982eea223567) Importer(815301076,1909f56bfc062723c751e8b465ee728b)
Start importing Assets/Scenes/espacio museo.fbx using Guid(d7493b50af5608d4ab96982eea223567) Importer(815301076,1909f56bfc062723c751e8b465ee728b) (PreviewImporter) -> (artifact id: '97e0add9395be434eb5f449957def3f3') in 0.5493306 seconds
Number of updated asset objects reloaded before import = 0Number of asset objects unloaded after import = 155

========================================================================
Received Import Request.
  Time since last request: 0.331369 seconds.
  path: Assets/Scenes/M_fabric_albedo.png
  artifactKey: Guid(bface6cfcbdfb204eb11c4f5cba871cc) Importer(2089858483,b0f066a214c2f5e87bad3c948f4d605d)
Start importing Assets/Scenes/M_fabric_albedo.png using Guid(bface6cfcbdfb204eb11c4f5cba871cc) Importer(2089858483,b0f066a214c2f5e87bad3c948f4d605d) (ScriptedImporter) -> (artifact id: '418b5dca495ffac048accff24659ff73') in 0.017414 seconds
Number of updated asset objects reloaded before import = 0Number of asset objects unloaded after import = 1

========================================================================
Received Import Request.
  Time since last request: 2.628496 seconds.
  path: Assets/Scenes/M_Glass_alpha.jpeg
  artifactKey: Guid(dded0c601319ff74ba6dabd8be583b19) Importer(815301076,1909f56bfc062723c751e8b465ee728b)
Start importing Assets/Scenes/M_Glass_alpha.jpeg using Guid(dded0c601319ff74ba6dabd8be583b19) Importer(815301076,1909f56bfc062723c751e8b465ee728b) (PreviewImporter) -> (artifact id: '82acb8bc4d2583b874c90a745318a977') in 0.016593 seconds
Number of updated asset objects reloaded before import = 0Number of asset objects unloaded after import = 2

========================================================================
Received Import Request.
  Time since last request: 0.962591 seconds.
  path: Assets/Scenes/M_Glass_alpha.jpeg
  artifactKey: Guid(dded0c601319ff74ba6dabd8be583b19) Importer(2089858483,b0f066a214c2f5e87bad3c948f4d605d)
Start importing Assets/Scenes/M_Glass_alpha.jpeg using Guid(dded0c601319ff74ba6dabd8be583b19) Importer(2089858483,b0f066a214c2f5e87bad3c948f4d605d) (ScriptedImporter) -> (artifact id: 'c3fd541883de99f496cafdb3db2835bc') in 0.0161938 seconds
Number of updated asset objects reloaded before import = 0Number of asset objects unloaded after import = 1

========================================================================
Received Import Request.
  Time since last request: 2.448966 seconds.
  path: Assets/Scenes/espacio museo.fbx
  artifactKey: Guid(d7493b50af5608d4ab96982eea223567) Importer(815301076,1909f56bfc062723c751e8b465ee728b)
Start importing Assets/Scenes/espacio museo.fbx using Guid(d7493b50af5608d4ab96982eea223567) Importer(815301076,1909f56bfc062723c751e8b465ee728b) (PreviewImporter) -> (artifact id: 'c3050439f0e032be155e4272556aff10') in 0.365507 seconds
Number of updated asset objects reloaded before import = 0Number of asset objects unloaded after import = 156

========================================================================
Received Import Request.
  Time since last request: 1.137098 seconds.
  path: Assets/Scenes/M_Glass_albedo.jpeg
  artifactKey: Guid(bfe599f8b4392a64cae8397f111625f9) Importer(2089858483,b0f066a214c2f5e87bad3c948f4d605d)
Start importing Assets/Scenes/M_Glass_albedo.jpeg using Guid(bfe599f8b4392a64cae8397f111625f9) Importer(2089858483,b0f066a214c2f5e87bad3c948f4d605d) (ScriptedImporter) -> (artifact id: '71d7a98f2f0fc62b9afb6e79e709ab10') in 0.0164904 seconds
Number of updated asset objects reloaded before import = 0Number of asset objects unloaded after import = 1

========================================================================
Received Import Request.
  Time since last request: 2.862349 seconds.
  path: Assets/Scenes/espacio museo.fbx
  artifactKey: Guid(d7493b50af5608d4ab96982eea223567) Importer(815301076,1909f56bfc062723c751e8b465ee728b)
Start importing Assets/Scenes/espacio museo.fbx using Guid(d7493b50af5608d4ab96982eea223567) Importer(815301076,1909f56bfc062723c751e8b465ee728b) (PreviewImporter) -> (artifact id: '78df771687baf854ec1ca7969351cb78') in 0.3635134 seconds
Number of updated asset objects reloaded before import = 0Number of asset objects unloaded after import = 156

========================================================================
Received Import Request.
  Time since last request: 0.531285 seconds.
  path: Assets/Scenes/M_Glass_metallic.jpeg
  artifactKey: Guid(71e125c5e0aafd046b99e46d42a6b5c7) Importer(2089858483,b0f066a214c2f5e87bad3c948f4d605d)
Start importing Assets/Scenes/M_Glass_metallic.jpeg using Guid(71e125c5e0aafd046b99e46d42a6b5c7) Importer(2089858483,b0f066a214c2f5e87bad3c948f4d605d) (ScriptedImporter) -> (artifact id: '26c01d5defd4255e881288a73f42d19f') in 0.0169272 seconds
Number of updated asset objects reloaded before import = 0Number of asset objects unloaded after import = 1

========================================================================
Received Import Request.
  Time since last request: 5.289482 seconds.
  path: Assets/Scenes/espacio museo.fbx
  artifactKey: Guid(d7493b50af5608d4ab96982eea223567) Importer(815301076,1909f56bfc062723c751e8b465ee728b)
Start importing Assets/Scenes/espacio museo.fbx using Guid(d7493b50af5608d4ab96982eea223567) Importer(815301076,1909f56bfc062723c751e8b465ee728b) (PreviewImporter) -> (artifact id: '740b60adb0e0ec53aafbb611bef0a4a5') in 0.3451103 seconds
Number of updated asset objects reloaded before import = 0Number of asset objects unloaded after import = 156

========================================================================
Received Import Request.
  Time since last request: 4.351873 seconds.
  path: Assets/Scenes/M_Glass_roughness.jpeg
  artifactKey: Guid(c00c6d24230ac8f4eb4bcb2046614d32) Importer(2089858483,b0f066a214c2f5e87bad3c948f4d605d)
Start importing Assets/Scenes/M_Glass_roughness.jpeg using Guid(c00c6d24230ac8f4eb4bcb2046614d32) Importer(2089858483,b0f066a214c2f5e87bad3c948f4d605d) (ScriptedImporter) -> (artifact id: 'c0860d4d52566a2e88297d4fbcc22bad') in 0.012905 seconds
Number of updated asset objects reloaded before import = 0Number of asset objects unloaded after import = 1

========================================================================
Received Import Request.
  Time since last request: 3.335080 seconds.
  path: Assets/Scenes/espacio museo.fbx
  artifactKey: Guid(d7493b50af5608d4ab96982eea223567) Importer(815301076,1909f56bfc062723c751e8b465ee728b)
Start importing Assets/Scenes/espacio museo.fbx using Guid(d7493b50af5608d4ab96982eea223567) Importer(815301076,1909f56bfc062723c751e8b465ee728b) (PreviewImporter) -> (artifact id: '9d60f8b70edf58345d2402c0f32f99ac') in 0.4276564 seconds
Number of updated asset objects reloaded before import = 0Number of asset objects unloaded after import = 157

========================================================================
Received Import Request.
  Time since last request: 0.786293 seconds.
  path: Assets/Scenes/M_wood_albedo.png
  artifactKey: Guid(07e9eb7a3a20ad14a831ddeff761e7d2) Importer(2089858483,b0f066a214c2f5e87bad3c948f4d605d)
Start importing Assets/Scenes/M_wood_albedo.png using Guid(07e9eb7a3a20ad14a831ddeff761e7d2) Importer(2089858483,b0f066a214c2f5e87bad3c948f4d605d) (ScriptedImporter) -> (artifact id: '068a3227c01d3474f8cded7bbf48f49c') in 0.0140804 seconds
Number of updated asset objects reloaded before import = 0Number of asset objects unloaded after import = 1

========================================================================
Received Import Request.
  Time since last request: 2.113684 seconds.
  path: Assets/Scenes/M_wood_Normal.jpeg
  artifactKey: Guid(a266beeccadcaf842b608a9bbb7262fe) Importer(815301076,1909f56bfc062723c751e8b465ee728b)
Start importing Assets/Scenes/M_wood_Normal.jpeg using Guid(a266beeccadcaf842b608a9bbb7262fe) Importer(815301076,1909f56bfc062723c751e8b465ee728b) (PreviewImporter) -> (artifact id: 'd3b2d4b534dd5e0c5c4af3cc1faae240') in 0.0199694 seconds
Number of updated asset objects reloaded before import = 0Number of asset objects unloaded after import = 2

========================================================================
Received Import Request.
  Time since last request: 0.956743 seconds.
  path: Assets/Scenes/M_wood_Normal.jpeg
  artifactKey: Guid(a266beeccadcaf842b608a9bbb7262fe) Importer(2089858483,b0f066a214c2f5e87bad3c948f4d605d)
Start importing Assets/Scenes/M_wood_Normal.jpeg using Guid(a266beeccadcaf842b608a9bbb7262fe) Importer(2089858483,b0f066a214c2f5e87bad3c948f4d605d) (ScriptedImporter) -> (artifact id: 'c8843c991f6988558bb3d5f7a7dd9594') in 0.0159358 seconds
Number of updated asset objects reloaded before import = 0Number of asset objects unloaded after import = 1

========================================================================
Received Import Request.
  Time since last request: 5.316672 seconds.
  path: Assets/Scenes/M_wood_roughness.jpeg
  artifactKey: Guid(4c6d0d879d7bd7c4f8f60ccd594fd0ba) Importer(815301076,1909f56bfc062723c751e8b465ee728b)
Start importing Assets/Scenes/M_wood_roughness.jpeg using Guid(4c6d0d879d7bd7c4f8f60ccd594fd0ba) Importer(815301076,1909f56bfc062723c751e8b465ee728b) (PreviewImporter) -> (artifact id: '8e28445a90662210b7508721b1d49924') in 0.0215341 seconds
Number of updated asset objects reloaded before import = 0Number of asset objects unloaded after import = 2

========================================================================
Received Import Request.
  Time since last request: 1.033734 seconds.
  path: Assets/Scenes/M_wood_roughness.jpeg
  artifactKey: Guid(4c6d0d879d7bd7c4f8f60ccd594fd0ba) Importer(2089858483,b0f066a214c2f5e87bad3c948f4d605d)
Start importing Assets/Scenes/M_wood_roughness.jpeg using Guid(4c6d0d879d7bd7c4f8f60ccd594fd0ba) Importer(2089858483,b0f066a214c2f5e87bad3c948f4d605d) (ScriptedImporter) -> (artifact id: '0c2502a0fe6a2e6c759a30ae88a4cb1c') in 0.0194436 seconds
Number of updated asset objects reloaded before import = 0Number of asset objects unloaded after import = 1

========================================================================
Received Import Request.
  Time since last request: 137.753528 seconds.
  path: Assets/Scenes/espacio museo.fbx
  artifactKey: Guid(d7493b50af5608d4ab96982eea223567) Importer(815301076,1909f56bfc062723c751e8b465ee728b)
Start importing Assets/Scenes/espacio museo.fbx using Guid(d7493b50af5608d4ab96982eea223567) Importer(815301076,1909f56bfc062723c751e8b465ee728b) (PreviewImporter) -> (artifact id: '68e0fd821cdab38035ce2f901d5d3498') in 1.2718414 seconds
Number of updated asset objects reloaded before import = 0Number of asset objects unloaded after import = 158

========================================================================
Received Import Request.
  Time since last request: 62.746110 seconds.
  path: Assets/Scenes/M_Glass_metallic.jpeg
  artifactKey: Guid(71e125c5e0aafd046b99e46d42a6b5c7) Importer(815301076,1909f56bfc062723c751e8b465ee728b)
Start importing Assets/Scenes/M_Glass_metallic.jpeg using Guid(71e125c5e0aafd046b99e46d42a6b5c7) Importer(815301076,1909f56bfc062723c751e8b465ee728b) (PreviewImporter) -> (artifact id: 'e122088c792f27111952c25e03333932') in 0.009925 seconds
Number of updated asset objects reloaded before import = 0Number of asset objects unloaded after import = 2

========================================================================
Received Import Request.
  Time since last request: 0.864027 seconds.
  path: Assets/Scenes/M_Glass_metallic.jpeg
  artifactKey: Guid(71e125c5e0aafd046b99e46d42a6b5c7) Importer(2089858483,b0f066a214c2f5e87bad3c948f4d605d)
Start importing Assets/Scenes/M_Glass_metallic.jpeg using Guid(71e125c5e0aafd046b99e46d42a6b5c7) Importer(2089858483,b0f066a214c2f5e87bad3c948f4d605d) (ScriptedImporter) -> (artifact id: '0551d95b58c9f5a0c6ada9310b309773') in 0.014561 seconds
Number of updated asset objects reloaded before import = 0Number of asset objects unloaded after import = 1

========================================================================
Received Import Request.
  Time since last request: 17.414057 seconds.
  path: Assets/Scenes/espacio museo.fbx
  artifactKey: Guid(d7493b50af5608d4ab96982eea223567) Importer(815301076,1909f56bfc062723c751e8b465ee728b)
Start importing Assets/Scenes/espacio museo.fbx using Guid(d7493b50af5608d4ab96982eea223567) Importer(815301076,1909f56bfc062723c751e8b465ee728b) (PreviewImporter) -> (artifact id: '05fb334db484d60d4e69a905c8598865') in 0.3987455 seconds
Number of updated asset objects reloaded before import = 0Number of asset objects unloaded after import = 158

========================================================================
Received Import Request.
  Time since last request: 0.494034 seconds.
  path: Assets/Scenes/M_Glass_albedo.jpeg
  artifactKey: Guid(bfe599f8b4392a64cae8397f111625f9) Importer(2089858483,b0f066a214c2f5e87bad3c948f4d605d)
Start importing Assets/Scenes/M_Glass_albedo.jpeg using Guid(bfe599f8b4392a64cae8397f111625f9) Importer(2089858483,b0f066a214c2f5e87bad3c948f4d605d) (ScriptedImporter) -> (artifact id: 'ac4fcac050ca68a4f0b627ca0ee48d2a') in 0.0138658 seconds
Number of updated asset objects reloaded before import = 0Number of asset objects unloaded after import = 1

========================================================================
Received Prepare
Begin MonoManager ReloadAssembly
[Licensing::Client] Successfully resolved entitlement details
- Loaded All Assemblies, in  0.744 seconds
Refreshing native plugins compatible for Editor in 1.06 ms, found 3 plugins.
Native extension for WindowsStandalone target not found
[Package Manager] Failed to launch server process. Reason: Unity was launched with the -noUpm command-line argument
[Package Manager] Unable to send message (not connected to server process).
[Package Manager] Cannot connect to Unity Package Manager local server
[Package Manager] Failed to launch server process. Reason: Unity was launched with the -noUpm command-line argument
[Package Manager] Unable to send message (not connected to server process).
[Package Manager] Cannot connect to Unity Package Manager local server
ScheduleIndexationOnStartup MainProcess:False IndexOnStartup:True
Mono: successfully reloaded assembly
- Finished resetting the current domain, in  0.959 seconds
Domain Reload Profiling: 1703ms
	BeginReloadAssembly (234ms)
		ExecutionOrderSort (0ms)
		DisableScriptedObjects (7ms)
		BackupInstance (0ms)
		ReleaseScriptingObjects (0ms)
		CreateAndSetChildDomain (59ms)
	RebuildCommonClasses (52ms)
	RebuildNativeTypeToScriptingClass (24ms)
	initialDomainReloadingComplete (28ms)
	LoadAllAssembliesAndSetupDomain (405ms)
		LoadAssemblies (332ms)
		RebuildTransferFunctionScriptingTraits (0ms)
		AnalyzeDomain (185ms)
			TypeCache.Refresh (7ms)
				TypeCache.ScanAssembly (0ms)
			BuildScriptInfoCaches (168ms)
			ResolveRequiredComponents (5ms)
	FinalizeReload (959ms)
		ReleaseScriptCaches (0ms)
		RebuildScriptCaches (0ms)
		SetupLoadedEditorAssemblies (798ms)
			LogAssemblyErrors (0ms)
			InitializePlatformSupportModulesInManaged (2ms)
			SetLoadedEditorAssemblies (5ms)
			BeforeProcessingInitializeOnLoad (155ms)
			ProcessInitializeOnLoadAttributes (565ms)
			ProcessInitializeOnLoadMethodAttributes (60ms)
			AfterProcessingInitializeOnLoad (10ms)
			EditorAssembliesLoaded (0ms)
		ExecutionOrderSort2 (0ms)
		AwakeInstancesAfterBackupRestoration (11ms)
Refreshing native plugins compatible for Editor in 1.54 ms, found 3 plugins.
Preloading 0 native plugins for Editor in 0.00 ms.
Unloading 0 Unused Serialized files (Serialized files now loaded: 0)
Unloading 3892 unused Assets / (1.1 MB). Loaded Objects now: 4529.
Memory consumption went from 95.5 MB to 94.4 MB.
Total: 12.224300 ms (FindLiveObjects: 0.749900 ms CreateObjectMapping: 1.232100 ms MarkObjects: 7.809200 ms  DeleteObjects: 2.431200 ms)

Prepare: number of updated asset objects reloaded= 0
