Built from '6000.3/staging' branch; Version is '6000.3.11f1 (3000ef702840) revision 3145967'; Using compiler version '194234433'; Build Type 'Release'
[Licensing::Module] Trying to connect to existing licensing client channel...
OS: 'Windows 11  (10.0.26200) Professional' Language: 'es' Physical Memory: 16075 MB
BatchMode: 1, IsHumanControllingUs: 0, StartBugReporterOnCrash: 0, Is64bit: 1
[Licensing::IpcConnector] Successfully connected to: "LicenseClient-Usuario" at "2026-05-05T16:17:55.6971203Z"
System  architecture: x64
Process architecture: x64
Date: 2026-05-05T16:17:55Z

COMMAND LINE ARGUMENTS:
C:\Users\Usuario\Documents\Emily\Simulacion\6000.3.11f1-x86_64\Editor\Unity.exe
-adb2
-batchMode
-noUpm
-name
AssetImportWorker1
-projectPath
C:/Users/Usuario/Documents/Emily/Museos y tecnologias/Oro-y-papel-Expo
-logFile
Logs/AssetImportWorker1.log
-srvPort
51682
-licensingIpc
LicenseClient-Usuario
-job-worker-count
3
-background-job-worker-count
8
-gc-helper-count
1
-name
AssetImport
Successfully changed project path to: C:/Users/Usuario/Documents/Emily/Museos y tecnologias/Oro-y-papel-Expo
C:/Users/Usuario/Documents/Emily/Museos y tecnologias/Oro-y-papel-Expo
[UnityMemory] Configuration Parameters - Can be set up in boot.config
    "memorysetup-temp-allocator-size-nav-mesh-worker=65536"
    "memorysetup-temp-allocator-size-audio-worker=65536"
    "memorysetup-temp-allocator-size-gfx=262144"
    "memorysetup-allocator-temp-initial-block-size-main=262144"
    "memorysetup-allocator-temp-initial-block-size-worker=262144"
    "memorysetup-temp-allocator-size-background-worker=32768"
    "memorysetup-temp-allocator-size-job-worker=262144"
    "memorysetup-temp-allocator-size-preload-manager=33554432"
    "memorysetup-temp-allocator-size-gi-baking-worker=262144"
    "memorysetup-temp-allocator-size-gi-baking-worker=262144"
    "memorysetup-temp-allocator-size-gi-baking-worker=262144"
    "memorysetup-temp-allocator-size-gi-baking-worker=262144"
    "memorysetup-temp-allocator-size-gi-baking-worker=262144"
    "memorysetup-bucket-allocator-granularity=16"
    "memorysetup-bucket-allocator-bucket-count=8"
    "memorysetup-bucket-allocator-block-size=33554432"
    "memorysetup-bucket-allocator-block-count=8"
    "memorysetup-main-allocator-block-size=16777216"
    "memorysetup-thread-allocator-block-size=16777216"
    "memorysetup-gfx-main-allocator-block-size=16777216"
    "memorysetup-gfx-thread-allocator-block-size=16777216"
    "memorysetup-cache-allocator-block-size=4194304"
    "memorysetup-typetree-allocator-block-size=2097152"
    "memorysetup-profiler-bucket-allocator-granularity=16"
    "memorysetup-profiler-bucket-allocator-bucket-count=8"
    "memorysetup-profiler-bucket-allocator-block-size=33554432"
    "memorysetup-profiler-bucket-allocator-block-count=8"
    "memorysetup-profiler-allocator-block-size=16777216"
    "memorysetup-profiler-editor-allocator-block-size=1048576"
    "memorysetup-temp-allocator-size-main=16777216"
    "memorysetup-job-temp-allocator-block-size=2097152"
    "memorysetup-job-temp-allocator-block-size-background=1048576"
    "memorysetup-job-temp-allocator-reduction-small-platforms=262144"
    "memorysetup-temp-allocator-size-cloud-worker=32768"
Player connection [26192]  Target information:

Player connection [26192]  * "[IP] 172.18.32.1 [Port] 0 [Flags] 2 [Guid] 780925770 [EditorId] 780925770 [Version] 1048832 [Id] WindowsEditor(7,DESKTOP-GOSQKS5) [Debug] 1 [PackageName] WindowsEditor [ProjectName] Editor" 

Player connection [26192]  * "[IP] 192.168.128.7 [Port] 0 [Flags] 2 [Guid] 780925770 [EditorId] 780925770 [Version] 1048832 [Id] WindowsEditor(7,DESKTOP-GOSQKS5) [Debug] 1 [PackageName] WindowsEditor [ProjectName] Editor" 

Player connection [26192] Host joined multi-casting on [225.0.0.222:54997]...
Player connection [26192] Host joined alternative multi-casting on [225.0.0.222:34997]...
JobSystem: Creating JobQueue using job-worker-count value 3
Input System module state changed to: Initialized.
[Physics::Module] Initialized fallback backend.
[Physics::Module] Id: 0xdecafbad
Library Redirect Path: Library/
[Physics::Module] Selected backend.
[Physics::Module] Name: PhysX
[Physics::Module] Id: 0xf2b8ea05
[Physics::Module] SDK Version: 4.1.2
[Physics::Module] Integration Version: 1.0.0
[Physics::Module] Threading Mode: Multi-Threaded
Refreshing native plugins compatible for Editor in 3.77 ms, found 3 plugins.
Preloading 0 native plugins for Editor in 0.00 ms.
Initialize engine version: 6000.3.11f1 (3000ef702840)
[Subsystems] Discovering subsystems at path C:/Users/Usuario/Documents/Emily/Simulacion/6000.3.11f1-x86_64/Editor/Data/Resources/UnitySubsystems
[Subsystems] Discovering subsystems at path C:/Users/Usuario/Documents/Emily/Museos y tecnologias/Oro-y-papel-Expo/Assets
GfxDevice: creating device client; kGfxThreadingModeNonThreaded
Direct3D:
    Version:  Direct3D 11.0 [level 11.1]
    Renderer: NVIDIA GeForce RTX 3070 Laptop GPU (ID=0x249d)
    Vendor:   NVIDIA
    VRAM:     8020 MB
    Driver:   32.0.15.5597
Initialize mono
Mono path[0] = 'C:/Users/Usuario/Documents/Emily/Simulacion/6000.3.11f1-x86_64/Editor/Data/Managed'
Mono path[1] = 'C:/Users/Usuario/Documents/Emily/Simulacion/6000.3.11f1-x86_64/Editor/Data/MonoBleedingEdge/lib/mono/unityjit-win32'
Mono config path = 'C:/Users/Usuario/Documents/Emily/Simulacion/6000.3.11f1-x86_64/Editor/Data/MonoBleedingEdge/etc'
Using monoOptions --debugger-agent=transport=dt_socket,embedding=1,server=y,suspend=n,address=127.0.0.1:56920
Begin MonoManager ReloadAssembly
Registering precompiled unity dll's ...
Register platform support module: C:/Users/Usuario/Documents/Emily/Simulacion/6000.3.11f1-x86_64/Editor/Data/PlaybackEngines/WindowsStandaloneSupport/UnityEditor.WindowsStandalone.Extensions.dll
[Licensing::Module] Licensing is not yet initialized.
[Licensing::Client] Error: HandshakeResponse reported an error:
	ResponseCode: 505
	ResponseStatus: Unsupported protocol version '1.18.0'.
[Licensing::Module] Error: Failed to handshake to channel: "LicenseClient-Usuario"
[Licensing::IpcConnector] LicenseClient-Usuario channel disconnected successfully.
[Licensing::IpcConnector] Successfully connected to: "LicenseClient-Usuario-6000.3.11" at "2026-05-05T16:17:57.7022542Z"
[Licensing::Client] Handshaking with LicensingClient:
  Version:                 1.18.0+23225a6
  Session Id:              49ed78a20cf64c498bb70906a6f83ede
  Correlation Id:          551a4e56f1eca2c00fa2073a3afe4739
  External correlation Id: 8667758443827983043
  Machine Id:              8RkJVNN/EbKDTggCvtiREU4YRgs=
[Licensing::Module] Successfully connected to LicensingClient on channel: "LicenseClient-Usuario-6000.3.11" (connect: 0.00s, validation: 0.00s, handshake: 0.24s)
[Licensing::IpcConnector] Successfully connected to: "LicenseClient-Usuario-6000.3.11-notifications" at "2026-05-05T16:17:57.9469079Z"
[Licensing::Module] Licensing Background thread has ended after 2.25s
[Licensing::Module] Licensing is initialized (took 0.90s).
[Licensing::Client] Successfully resolved entitlement details
[Licensing::Module] License group:
  Id: 4674068728694-UnityPersXXXX
  Product: Unity Personal
  Type: Assigned
  Expiration: Unlimited
Register platform support module: C:/Users/Usuario/Documents/Emily/Simulacion/6000.3.11f1-x86_64/Editor/Data/PlaybackEngines/AndroidPlayer/UnityEditor.Android.Extensions.dll
Registered in 0.912189 seconds.
- Loaded All Assemblies, in  1.791 seconds
Native extension for Android target not found
Native extension for WindowsStandalone target not found
Package Manager log level set to [2]
[Package Manager] Failed to launch server process. Reason: Unity was launched with the -noUpm command-line argument
[Package Manager] Unable to send message (not connected to server process).
[Package Manager] Cannot connect to Unity Package Manager local server
ScheduleIndexationOnStartup MainProcess:False IndexOnStartup:True
Mono: successfully reloaded assembly
- Finished resetting the current domain, in  0.637 seconds
Domain Reload Profiling: 2424ms
	BeginReloadAssembly (341ms)
		ExecutionOrderSort (0ms)
		DisableScriptedObjects (0ms)
		BackupInstance (0ms)
		ReleaseScriptingObjects (0ms)
		CreateAndSetChildDomain (1ms)
	RebuildCommonClasses (72ms)
	RebuildNativeTypeToScriptingClass (23ms)
	initialDomainReloadingComplete (1001ms)
	LoadAllAssembliesAndSetupDomain (349ms)
		LoadAssemblies (336ms)
		RebuildTransferFunctionScriptingTraits (0ms)
		AnalyzeDomain (341ms)
			TypeCache.Refresh (336ms)
				TypeCache.ScanAssembly (310ms)
			BuildScriptInfoCaches (0ms)
			ResolveRequiredComponents (2ms)
	FinalizeReload (638ms)
		ReleaseScriptCaches (0ms)
		RebuildScriptCaches (0ms)
		SetupLoadedEditorAssemblies (572ms)
			LogAssemblyErrors (0ms)
			InitializePlatformSupportModulesInManaged (100ms)
			SetLoadedEditorAssemblies (6ms)
			BeforeProcessingInitializeOnLoad (132ms)
			ProcessInitializeOnLoadAttributes (195ms)
			ProcessInitializeOnLoadMethodAttributes (138ms)
			AfterProcessingInitializeOnLoad (0ms)
			EditorAssembliesLoaded (0ms)
		ExecutionOrderSort2 (0ms)
		AwakeInstancesAfterBackupRestoration (0ms)
========================================================================
Worker process is ready to serve import requests
Import Worker Mode flag is 0x00
Begin MonoManager ReloadAssembly
[Licensing::Client] Successfully resolved entitlement details
- Loaded All Assemblies, in  1.223 seconds
Refreshing native plugins compatible for Editor in 1.10 ms, found 3 plugins.
Native extension for Android target not found
Native extension for WindowsStandalone target not found
[Package Manager] Failed to launch server process. Reason: Unity was launched with the -noUpm command-line argument
[Package Manager] Unable to send message (not connected to server process).
[Package Manager] Cannot connect to Unity Package Manager local server
[Package Manager] Failed to launch server process. Reason: Unity was launched with the -noUpm command-line argument
[Package Manager] Unable to send message (not connected to server process).
[Package Manager] Cannot connect to Unity Package Manager local server
ScheduleIndexationOnStartup MainProcess:False IndexOnStartup:True
Mono: successfully reloaded assembly
- Finished resetting the current domain, in  1.314 seconds
Domain Reload Profiling: 2530ms
	BeginReloadAssembly (309ms)
		ExecutionOrderSort (0ms)
		DisableScriptedObjects (8ms)
		BackupInstance (0ms)
		ReleaseScriptingObjects (0ms)
		CreateAndSetChildDomain (50ms)
	RebuildCommonClasses (79ms)
	RebuildNativeTypeToScriptingClass (26ms)
	initialDomainReloadingComplete (62ms)
	LoadAllAssembliesAndSetupDomain (740ms)
		LoadAssemblies (566ms)
		RebuildTransferFunctionScriptingTraits (0ms)
		AnalyzeDomain (360ms)
			TypeCache.Refresh (284ms)
				TypeCache.ScanAssembly (259ms)
			BuildScriptInfoCaches (66ms)
			ResolveRequiredComponents (5ms)
	FinalizeReload (1315ms)
		ReleaseScriptCaches (0ms)
		RebuildScriptCaches (0ms)
		SetupLoadedEditorAssemblies (1118ms)
			LogAssemblyErrors (0ms)
			InitializePlatformSupportModulesInManaged (18ms)
			SetLoadedEditorAssemblies (7ms)
			BeforeProcessingInitializeOnLoad (239ms)
			ProcessInitializeOnLoadAttributes (785ms)
			ProcessInitializeOnLoadMethodAttributes (59ms)
			AfterProcessingInitializeOnLoad (9ms)
			EditorAssembliesLoaded (0ms)
		ExecutionOrderSort2 (0ms)
		AwakeInstancesAfterBackupRestoration (11ms)
Launched and connected shader compiler UnityShaderCompiler.exe after 0.03 seconds
Refreshing native plugins compatible for Editor in 1.24 ms, found 3 plugins.
Preloading 0 native plugins for Editor in 0.00 ms.
Unloading 0 Unused Serialized files (Serialized files now loaded: 0)
Unloading 3904 unused Assets / (1.0 MB). Loaded Objects now: 4492.
Memory consumption went from 92.2 MB to 91.3 MB.
Total: 10.479000 ms (FindLiveObjects: 0.734400 ms CreateObjectMapping: 1.341900 ms MarkObjects: 6.577700 ms  DeleteObjects: 1.823500 ms)

========================================================================
Received Import Request.
  Time since last request: 1007.164309 seconds.
  path: Assets/Scenes/paredes separadoras.fbx
  artifactKey: Guid(fb964e62777768b45808bb67ac68011e) Importer(2089858483,b0f066a214c2f5e87bad3c948f4d605d)
Start importing Assets/Scenes/paredes separadoras.fbx using Guid(fb964e62777768b45808bb67ac68011e) Importer(2089858483,b0f066a214c2f5e87bad3c948f4d605d) (ScriptedImporter) -> (artifact id: '17eba4aa8e5850ca2da6dbf06365e28d') in 0.2086682 seconds
Number of updated asset objects reloaded before import = 0Number of asset objects unloaded after import = 20

========================================================================
Received Import Request.
  Time since last request: 966.751704 seconds.
  path: Assets/Scenes/MaterialesImg/Poliigon_PlasterPainted_7664_BaseColor.jpg
  artifactKey: Guid(e43a439a7178ee94bb179cddd4252ec5) Importer(815301076,1909f56bfc062723c751e8b465ee728b)
Start importing Assets/Scenes/MaterialesImg/Poliigon_PlasterPainted_7664_BaseColor.jpg using Guid(e43a439a7178ee94bb179cddd4252ec5) Importer(815301076,1909f56bfc062723c751e8b465ee728b) (PreviewImporter)[Licensing::Client] Successfully resolved entitlement details
 -> (artifact id: 'f484f79effdc68fb89f50234c1f330bf') in 0.1320457 seconds
Number of updated asset objects reloaded before import = 0Number of asset objects unloaded after import = 2

========================================================================
Received Import Request.
  Time since last request: 0.916640 seconds.
  path: Assets/Scenes/MaterialesImg/Poliigon_PlasterPainted_7664_Displacement.tiff
  artifactKey: Guid(fe92fba1a516fbd49ade5247661a3dc5) Importer(2089858483,b0f066a214c2f5e87bad3c948f4d605d)
Start importing Assets/Scenes/MaterialesImg/Poliigon_PlasterPainted_7664_Displacement.tiff using Guid(fe92fba1a516fbd49ade5247661a3dc5) Importer(2089858483,b0f066a214c2f5e87bad3c948f4d605d) (ScriptedImporter) -> (artifact id: 'a1b606883526c264b9173d26d662b8fc') in 0.0567326 seconds
Number of updated asset objects reloaded before import = 0Number of asset objects unloaded after import = 1

========================================================================
Received Import Request.
  Time since last request: 0.000025 seconds.
  path: Assets/Scenes/MaterialesImg/Poliigon_PlasterPainted_7664_BaseColor.jpg
  artifactKey: Guid(e43a439a7178ee94bb179cddd4252ec5) Importer(2089858483,b0f066a214c2f5e87bad3c948f4d605d)
Start importing Assets/Scenes/MaterialesImg/Poliigon_PlasterPainted_7664_BaseColor.jpg using Guid(e43a439a7178ee94bb179cddd4252ec5) Importer(2089858483,b0f066a214c2f5e87bad3c948f4d605d) (ScriptedImporter) -> (artifact id: 'c9837336459b0f9422f96c6b99b527d1') in 0.0178261 seconds
Number of updated asset objects reloaded before import = 0Number of asset objects unloaded after import = 1

========================================================================
Received Import Request.
  Time since last request: 136.084958 seconds.
  path: Assets/Scenes/MaterialesImg/Poliigon_MetalSteelBrushed_7174_BaseColor.jpg
  artifactKey: Guid(413b104339c9e634cbd8731713f9f686) Importer(815301076,1909f56bfc062723c751e8b465ee728b)
Start importing Assets/Scenes/MaterialesImg/Poliigon_MetalSteelBrushed_7174_BaseColor.jpg using Guid(413b104339c9e634cbd8731713f9f686) Importer(815301076,1909f56bfc062723c751e8b465ee728b) (PreviewImporter) -> (artifact id: '1d8f91ec9d1dbc87d0bbbb6c012fafa0') in 0.022169 seconds
Number of updated asset objects reloaded before import = 0Number of asset objects unloaded after import = 2

========================================================================
Received Import Request.
  Time since last request: 0.000036 seconds.
  path: Assets/Scenes/MaterialesImg/Poliigon_MetalSteelBrushed_7174_Roughness.jpg
  artifactKey: Guid(da00210d8b323d04c991a78ed8427f42) Importer(815301076,1909f56bfc062723c751e8b465ee728b)
Start importing Assets/Scenes/MaterialesImg/Poliigon_MetalSteelBrushed_7174_Roughness.jpg using Guid(da00210d8b323d04c991a78ed8427f42) Importer(815301076,1909f56bfc062723c751e8b465ee728b) (PreviewImporter) -> (artifact id: '13cf708f1b3ca20c30c7bc35f8928f1b') in 0.0275773 seconds
Number of updated asset objects reloaded before import = 0Number of asset objects unloaded after import = 2

========================================================================
Received Import Request.
  Time since last request: 0.000029 seconds.
  path: Assets/Scenes/MaterialesImg/Poliigon_MetalSteelBrushed_7174_Displacement.tiff
  artifactKey: Guid(0a219061f4a0b694686922da6f8260f4) Importer(815301076,1909f56bfc062723c751e8b465ee728b)
Start importing Assets/Scenes/MaterialesImg/Poliigon_MetalSteelBrushed_7174_Displacement.tiff using Guid(0a219061f4a0b694686922da6f8260f4) Importer(815301076,1909f56bfc062723c751e8b465ee728b) (PreviewImporter) -> (artifact id: 'c6532849ea2287ef02d20ca52437a0b2') in 0.0180046 seconds
Number of updated asset objects reloaded before import = 0Number of asset objects unloaded after import = 2

========================================================================
Received Import Request.
  Time since last request: 0.950849 seconds.
  path: Assets/Scenes/MaterialesImg/Poliigon_MetalSteelBrushed_7174_Displacement.tiff
  artifactKey: Guid(0a219061f4a0b694686922da6f8260f4) Importer(2089858483,b0f066a214c2f5e87bad3c948f4d605d)
Start importing Assets/Scenes/MaterialesImg/Poliigon_MetalSteelBrushed_7174_Displacement.tiff using Guid(0a219061f4a0b694686922da6f8260f4) Importer(2089858483,b0f066a214c2f5e87bad3c948f4d605d) (ScriptedImporter) -> (artifact id: '105da98f0b75b29ddc41a93b0ec05ef9') in 0.0097344 seconds
Number of updated asset objects reloaded before import = 0Number of asset objects unloaded after import = 1

========================================================================
Received Import Request.
  Time since last request: 0.000024 seconds.
  path: Assets/Scenes/MaterialesImg/Poliigon_MetalSteelBrushed_7174_Metallic.jpg
  artifactKey: Guid(4c826fa06fb4e2d4f882fba9f3587d2a) Importer(2089858483,b0f066a214c2f5e87bad3c948f4d605d)
Start importing Assets/Scenes/MaterialesImg/Poliigon_MetalSteelBrushed_7174_Metallic.jpg using Guid(4c826fa06fb4e2d4f882fba9f3587d2a) Importer(2089858483,b0f066a214c2f5e87bad3c948f4d605d) (ScriptedImporter) -> (artifact id: '372bc13efcdec2a28d94c6e69f11ff77') in 0.0173149 seconds
Number of updated asset objects reloaded before import = 0Number of asset objects unloaded after import = 1

========================================================================
Received Import Request.
  Time since last request: 0.000157 seconds.
  path: Assets/Scenes/MaterialesImg/Poliigon_MetalSteelBrushed_7174_BaseColor.jpg
  artifactKey: Guid(413b104339c9e634cbd8731713f9f686) Importer(2089858483,b0f066a214c2f5e87bad3c948f4d605d)
Start importing Assets/Scenes/MaterialesImg/Poliigon_MetalSteelBrushed_7174_BaseColor.jpg using Guid(413b104339c9e634cbd8731713f9f686) Importer(2089858483,b0f066a214c2f5e87bad3c948f4d605d) (ScriptedImporter) -> (artifact id: '3c5c176d0f204fc7fb717b6caa8952f7') in 0.0118969 seconds
Number of updated asset objects reloaded before import = 0Number of asset objects unloaded after import = 1

========================================================================
Received Import Request.
  Time since last request: 296.491691 seconds.
  path: Assets/Scenes/MaterialesImg/Poliigon_MetalGoldPaint_7253_BaseColor.jpg
  artifactKey: Guid(bff51a600fe18ab45ae72eeeb3aa6d86) Importer(815301076,1909f56bfc062723c751e8b465ee728b)
Start importing Assets/Scenes/MaterialesImg/Poliigon_MetalGoldPaint_7253_BaseColor.jpg using Guid(bff51a600fe18ab45ae72eeeb3aa6d86) Importer(815301076,1909f56bfc062723c751e8b465ee728b) (PreviewImporter) -> (artifact id: '41550fbc4dea89d2bb24fb3241f7daa7') in 0.0244676 seconds
Number of updated asset objects reloaded before import = 0Number of asset objects unloaded after import = 2

========================================================================
Received Import Request.
  Time since last request: 0.000030 seconds.
  path: Assets/Scenes/MaterialesImg/Poliigon_MetalGoldPaint_7253_Displacement.tiff
  artifactKey: Guid(3125ef3ad11faa040b9fda3e30cfc14d) Importer(815301076,1909f56bfc062723c751e8b465ee728b)
Start importing Assets/Scenes/MaterialesImg/Poliigon_MetalGoldPaint_7253_Displacement.tiff using Guid(3125ef3ad11faa040b9fda3e30cfc14d) Importer(815301076,1909f56bfc062723c751e8b465ee728b) (PreviewImporter) -> (artifact id: '269823931768a8d1b56139c2d56ad3d2') in 0.0288146 seconds
Number of updated asset objects reloaded before import = 0Number of asset objects unloaded after import = 2

========================================================================
Received Import Request.
  Time since last request: 0.000030 seconds.
  path: Assets/Scenes/MaterialesImg/Poliigon_MetalGoldPaint_7253_Metallic.jpg
  artifactKey: Guid(2664334a30e27eb44a304b5619d5d99b) Importer(815301076,1909f56bfc062723c751e8b465ee728b)
Start importing Assets/Scenes/MaterialesImg/Poliigon_MetalGoldPaint_7253_Metallic.jpg using Guid(2664334a30e27eb44a304b5619d5d99b) Importer(815301076,1909f56bfc062723c751e8b465ee728b) (PreviewImporter) -> (artifact id: 'cd288200f114875ea69cc61250e2ffab') in 0.0181487 seconds
Number of updated asset objects reloaded before import = 0Number of asset objects unloaded after import = 2

========================================================================
Received Import Request.
  Time since last request: 0.897488 seconds.
  path: Assets/Scenes/MaterialesImg/Poliigon_MetalGoldPaint_7253_Normal.png
  artifactKey: Guid(c6c121248925f5c43bf36f50133315ca) Importer(2089858483,b0f066a214c2f5e87bad3c948f4d605d)
Start importing Assets/Scenes/MaterialesImg/Poliigon_MetalGoldPaint_7253_Normal.png using Guid(c6c121248925f5c43bf36f50133315ca) Importer(2089858483,b0f066a214c2f5e87bad3c948f4d605d) (ScriptedImporter) -> (artifact id: '87c8c0d75de3c7b25a1b4dba73c3e88e') in 0.0136733 seconds
Number of updated asset objects reloaded before import = 0Number of asset objects unloaded after import = 1

========================================================================
Received Import Request.
  Time since last request: 0.000102 seconds.
  path: Assets/Scenes/MaterialesImg/Poliigon_MetalGoldPaint_7253_BaseColor.jpg
  artifactKey: Guid(bff51a600fe18ab45ae72eeeb3aa6d86) Importer(2089858483,b0f066a214c2f5e87bad3c948f4d605d)
Start importing Assets/Scenes/MaterialesImg/Poliigon_MetalGoldPaint_7253_BaseColor.jpg using Guid(bff51a600fe18ab45ae72eeeb3aa6d86) Importer(2089858483,b0f066a214c2f5e87bad3c948f4d605d) (ScriptedImporter) -> (artifact id: '94c714bccbbaef2d6a637a8ebdae26e4') in 0.0153015 seconds
Number of updated asset objects reloaded before import = 0Number of asset objects unloaded after import = 1

========================================================================
Received Import Request.
  Time since last request: 0.000210 seconds.
  path: Assets/Scenes/MaterialesImg/Poliigon_MetalGoldPaint_7253_Roughness.jpg
  artifactKey: Guid(6a09cf3b544eeb54d920abb1255662db) Importer(2089858483,b0f066a214c2f5e87bad3c948f4d605d)
Start importing Assets/Scenes/MaterialesImg/Poliigon_MetalGoldPaint_7253_Roughness.jpg using Guid(6a09cf3b544eeb54d920abb1255662db) Importer(2089858483,b0f066a214c2f5e87bad3c948f4d605d) (ScriptedImporter) -> (artifact id: '8e5d528e66e2c568a39543d0a4ad4fe4') in 0.0273502 seconds
Number of updated asset objects reloaded before import = 0Number of asset objects unloaded after import = 1

========================================================================
Received Import Request.
  Time since last request: 393.364583 seconds.
  path: Assets/Scenes/MaterialesImg/matPared.mat
  artifactKey: Guid(0172b1523b083724b9b407b81db1166c) Importer(815301076,1909f56bfc062723c751e8b465ee728b)
Start importing Assets/Scenes/MaterialesImg/matPared.mat using Guid(0172b1523b083724b9b407b81db1166c) Importer(815301076,1909f56bfc062723c751e8b465ee728b) (PreviewImporter) -> (artifact id: 'd7de452d09fbec91d090a4cbfc89480f') in 0.3515775 seconds
Number of updated asset objects reloaded before import = 0Number of asset objects unloaded after import = 6

========================================================================
Received Import Request.
  Time since last request: 0.602356 seconds.
  path: Assets/Scenes/MaterialesImg/madera.mat
  artifactKey: Guid(007bb563aa1e8bf4b985ca407524e663) Importer(2089858483,b0f066a214c2f5e87bad3c948f4d605d)
Start importing Assets/Scenes/MaterialesImg/madera.mat using Guid(007bb563aa1e8bf4b985ca407524e663) Importer(2089858483,b0f066a214c2f5e87bad3c948f4d605d) (ScriptedImporter) -> (artifact id: 'e452df9d923161d32825633b07680835') in 0.0424904 seconds
Number of updated asset objects reloaded before import = 0Number of asset objects unloaded after import = 1

========================================================================
Received Import Request.
  Time since last request: 0.000026 seconds.
  path: Assets/Scenes/EspacioExpo 1.unity
  artifactKey: Guid(8f73aafba68d0f249b8280557af143f1) Importer(2089858483,b0f066a214c2f5e87bad3c948f4d605d)
Start importing Assets/Scenes/EspacioExpo 1.unity using Guid(8f73aafba68d0f249b8280557af143f1) Importer(2089858483,b0f066a214c2f5e87bad3c948f4d605d) (ScriptedImporter) -> (artifact id: '17e23048fbcd4b4f5b3eaee364909f7a') in 0.0140307 seconds
Number of updated asset objects reloaded before import = 0Number of asset objects unloaded after import = 1

========================================================================
Received Import Request.
  Time since last request: 53.906322 seconds.
  path: Assets/Scenes/MaterialesImg/Poliigon_MetalGoldPaint_7253_Normal.png
  artifactKey: Guid(c6c121248925f5c43bf36f50133315ca) Importer(815301076,1909f56bfc062723c751e8b465ee728b)
Start importing Assets/Scenes/MaterialesImg/Poliigon_MetalGoldPaint_7253_Normal.png using Guid(c6c121248925f5c43bf36f50133315ca) Importer(815301076,1909f56bfc062723c751e8b465ee728b) (PreviewImporter) -> (artifact id: 'e60736c0d2509e6691295fe213b27310') in 0.0417635 seconds
Number of updated asset objects reloaded before import = 0Number of asset objects unloaded after import = 2

========================================================================
Received Import Request.
  Time since last request: 1665.371093 seconds.
  path: Assets/InputSystem_Actions.inputactions
  artifactKey: Guid(289c1b55c9541489481df5cc06664110) Importer(815301076,1909f56bfc062723c751e8b465ee728b)
Start importing Assets/InputSystem_Actions.inputactions using Guid(289c1b55c9541489481df5cc06664110) Importer(815301076,1909f56bfc062723c751e8b465ee728b) (PreviewImporter) -> (artifact id: '9cc23d78d78ad283fb5c6fb474088976') in 0.0325301 seconds
Number of updated asset objects reloaded before import = 0Number of asset objects unloaded after import = 20

========================================================================
Received Prepare
Begin MonoManager ReloadAssembly
[Licensing::Client] Successfully resolved entitlement details
- Loaded All Assemblies, in  1.737 seconds
Refreshing native plugins compatible for Editor in 3.03 ms, found 3 plugins.
Native extension for Android target not found
Native extension for WindowsStandalone target not found
[Package Manager] Failed to launch server process. Reason: Unity was launched with the -noUpm command-line argument
[Package Manager] Unable to send message (not connected to server process).
[Package Manager] Cannot connect to Unity Package Manager local server
[Package Manager] Failed to launch server process. Reason: Unity was launched with the -noUpm command-line argument
[Package Manager] Unable to send message (not connected to server process).
[Package Manager] Cannot connect to Unity Package Manager local server
ScheduleIndexationOnStartup MainProcess:False IndexOnStartup:True
Mono: successfully reloaded assembly
- Finished resetting the current domain, in  1.247 seconds
Domain Reload Profiling: 2986ms
	BeginReloadAssembly (688ms)
		ExecutionOrderSort (0ms)
		DisableScriptedObjects (30ms)
		BackupInstance (0ms)
		ReleaseScriptingObjects (1ms)
		CreateAndSetChildDomain (324ms)
	RebuildCommonClasses (48ms)
	RebuildNativeTypeToScriptingClass (19ms)
	initialDomainReloadingComplete (96ms)
	LoadAllAssembliesAndSetupDomain (887ms)
		LoadAssemblies (771ms)
		RebuildTransferFunctionScriptingTraits (0ms)
		AnalyzeDomain (317ms)
			TypeCache.Refresh (23ms)
				TypeCache.ScanAssembly (0ms)
			BuildScriptInfoCaches (273ms)
			ResolveRequiredComponents (7ms)
	FinalizeReload (1248ms)
		ReleaseScriptCaches (0ms)
		RebuildScriptCaches (0ms)
		SetupLoadedEditorAssemblies (1024ms)
			LogAssemblyErrors (0ms)
			InitializePlatformSupportModulesInManaged (15ms)
			SetLoadedEditorAssemblies (8ms)
			BeforeProcessingInitializeOnLoad (212ms)
			ProcessInitializeOnLoadAttributes (720ms)
			ProcessInitializeOnLoadMethodAttributes (59ms)
			AfterProcessingInitializeOnLoad (10ms)
			EditorAssembliesLoaded (0ms)
		ExecutionOrderSort2 (0ms)
		AwakeInstancesAfterBackupRestoration (10ms)
Refreshing native plugins compatible for Editor in 1.70 ms, found 3 plugins.
Preloading 0 native plugins for Editor in 0.00 ms.
Unloading 0 Unused Serialized files (Serialized files now loaded: 0)
Unloading 3902 unused Assets / (1.3 MB). Loaded Objects now: 4541.
Memory consumption went from 94.8 MB to 93.5 MB.
Total: 15.816600 ms (FindLiveObjects: 0.785100 ms CreateObjectMapping: 1.314300 ms MarkObjects: 10.202000 ms  DeleteObjects: 3.512900 ms)

Prepare: number of updated asset objects reloaded= 0
========================================================================
Received Import Request.
  Time since last request: 690.007901 seconds.
  path: Assets/Scenes/objetos/Libros/lib1.mat
  artifactKey: Guid(7b438c8d27f14154aa21a77533cf240b) Importer(815301076,1909f56bfc062723c751e8b465ee728b)
Start importing Assets/Scenes/objetos/Libros/lib1.mat using Guid(7b438c8d27f14154aa21a77533cf240b) Importer(815301076,1909f56bfc062723c751e8b465ee728b) (PreviewImporter) -> (artifact id: 'e21c45d197f0fdfa74091bbe0ec03bc3') in 0.1535981 seconds
Number of updated asset objects reloaded before import = 0Number of asset objects unloaded after import = 2

========================================================================
Received Import Request.
  Time since last request: 0.000028 seconds.
  path: Assets/Scenes/objetos/Libros/LIBRO6.png
  artifactKey: Guid(7da6c976124f18f4daa04997ff90865c) Importer(815301076,1909f56bfc062723c751e8b465ee728b)
Start importing Assets/Scenes/objetos/Libros/LIBRO6.png using Guid(7da6c976124f18f4daa04997ff90865c) Importer(815301076,1909f56bfc062723c751e8b465ee728b) (PreviewImporter) -> (artifact id: '0c50be79d0730d2a39ef17b7ad7ec150') in 0.0416495 seconds
Number of updated asset objects reloaded before import = 0Number of asset objects unloaded after import = 2

========================================================================
Received Import Request.
  Time since last request: 0.000040 seconds.
  path: Assets/Scenes/objetos/Libros/lib8.mat
  artifactKey: Guid(1a785b9972ff90b4582609d340972e4b) Importer(815301076,1909f56bfc062723c751e8b465ee728b)
Start importing Assets/Scenes/objetos/Libros/lib8.mat using Guid(1a785b9972ff90b4582609d340972e4b) Importer(815301076,1909f56bfc062723c751e8b465ee728b) (PreviewImporter) -> (artifact id: '35a6a4a4c18a8d101efc189d7b351972') in 0.0486896 seconds
Number of updated asset objects reloaded before import = 0Number of asset objects unloaded after import = 2

========================================================================
Received Import Request.
  Time since last request: 0.000033 seconds.
  path: Assets/Scenes/objetos/Libros/LIBRO2COLOR.png
  artifactKey: Guid(41f5b29e320da4f4d8ab595e8ce3d09d) Importer(815301076,1909f56bfc062723c751e8b465ee728b)
Start importing Assets/Scenes/objetos/Libros/LIBRO2COLOR.png using Guid(41f5b29e320da4f4d8ab595e8ce3d09d) Importer(815301076,1909f56bfc062723c751e8b465ee728b) (PreviewImporter) -> (artifact id: '96cd0ac8719c049d55a2035918d08f4b') in 0.0690336 seconds
Number of updated asset objects reloaded before import = 0Number of asset objects unloaded after import = 2

========================================================================
Received Import Request.
  Time since last request: 0.000023 seconds.
  path: Assets/Scenes/objetos/Libros/lib3.mat
  artifactKey: Guid(03c140a51aff10242a974f1f30f3bc3f) Importer(815301076,1909f56bfc062723c751e8b465ee728b)
Start importing Assets/Scenes/objetos/Libros/lib3.mat using Guid(03c140a51aff10242a974f1f30f3bc3f) Importer(815301076,1909f56bfc062723c751e8b465ee728b) (PreviewImporter) -> (artifact id: 'a4f7196e3efddfaa7bafba3895a13282') in 0.0557123 seconds
Number of updated asset objects reloaded before import = 0Number of asset objects unloaded after import = 4

========================================================================
Received Import Request.
  Time since last request: 0.000021 seconds.
  path: Assets/Scenes/objetos/Libros/LIBRO7.png
  artifactKey: Guid(917b3c63f7e59ec40b0495dd22811d09) Importer(815301076,1909f56bfc062723c751e8b465ee728b)
Start importing Assets/Scenes/objetos/Libros/LIBRO7.png using Guid(917b3c63f7e59ec40b0495dd22811d09) Importer(815301076,1909f56bfc062723c751e8b465ee728b) (PreviewImporter) -> (artifact id: 'efab1addc44d2b7c630b05b2e46b1e43') in 0.0279969 seconds
Number of updated asset objects reloaded before import = 0Number of asset objects unloaded after import = 2

========================================================================
Received Import Request.
  Time since last request: 0.000028 seconds.
  path: Assets/Scenes/objetos/Libros/lib7.mat
  artifactKey: Guid(0d2bf0848cd2b1c4d8ab1d1ba539c7ab) Importer(815301076,1909f56bfc062723c751e8b465ee728b)
Start importing Assets/Scenes/objetos/Libros/lib7.mat using Guid(0d2bf0848cd2b1c4d8ab1d1ba539c7ab) Importer(815301076,1909f56bfc062723c751e8b465ee728b) (PreviewImporter) -> (artifact id: '8842999cd4567487c2df1147b014e90a') in 0.0167831 seconds
Number of updated asset objects reloaded before import = 0Number of asset objects unloaded after import = 2

========================================================================
Received Import Request.
  Time since last request: 0.000045 seconds.
  path: Assets/Scenes/objetos/Libros/lib4.mat
  artifactKey: Guid(c049862b32e7ef642bcb156e8e123368) Importer(815301076,1909f56bfc062723c751e8b465ee728b)
Start importing Assets/Scenes/objetos/Libros/lib4.mat using Guid(c049862b32e7ef642bcb156e8e123368) Importer(815301076,1909f56bfc062723c751e8b465ee728b) (PreviewImporter) -> (artifact id: '484791e30cc5c83ee984b65969dd2520') in 0.0161094 seconds
Number of updated asset objects reloaded before import = 0Number of asset objects unloaded after import = 2

========================================================================
Received Import Request.
  Time since last request: 0.000045 seconds.
  path: Assets/Scenes/objetos/Libros/LIBRO5.png
  artifactKey: Guid(04fabae4f3d425d4a87cf620ee63cb83) Importer(815301076,1909f56bfc062723c751e8b465ee728b)
Start importing Assets/Scenes/objetos/Libros/LIBRO5.png using Guid(04fabae4f3d425d4a87cf620ee63cb83) Importer(815301076,1909f56bfc062723c751e8b465ee728b) (PreviewImporter) -> (artifact id: '92e52d8de23dbf9adcd5621996b30690') in 0.0176438 seconds
Number of updated asset objects reloaded before import = 0Number of asset objects unloaded after import = 2

========================================================================
Received Import Request.
  Time since last request: 0.000032 seconds.
  path: Assets/Scenes/objetos/Libros/LIBRO10.png
  artifactKey: Guid(abac2b10018d6524c80dafcfb12a7618) Importer(815301076,1909f56bfc062723c751e8b465ee728b)
Start importing Assets/Scenes/objetos/Libros/LIBRO10.png using Guid(abac2b10018d6524c80dafcfb12a7618) Importer(815301076,1909f56bfc062723c751e8b465ee728b) (PreviewImporter) -> (artifact id: '00a349ed571e11e0ab3d3db6855bedcb') in 0.0171696 seconds
Number of updated asset objects reloaded before import = 0Number of asset objects unloaded after import = 2

========================================================================
Received Import Request.
  Time since last request: 0.000029 seconds.
  path: Assets/Scenes/objetos/Libros/lib5.mat
  artifactKey: Guid(a9c2c846a883b1c47903dfa6e4dec445) Importer(815301076,1909f56bfc062723c751e8b465ee728b)
Start importing Assets/Scenes/objetos/Libros/lib5.mat using Guid(a9c2c846a883b1c47903dfa6e4dec445) Importer(815301076,1909f56bfc062723c751e8b465ee728b) (PreviewImporter) -> (artifact id: 'b554bd9d09b23918a24c030b8defe388') in 0.0154349 seconds
Number of updated asset objects reloaded before import = 0Number of asset objects unloaded after import = 2

========================================================================
Received Import Request.
  Time since last request: 0.000021 seconds.
  path: Assets/Scenes/objetos/Libros/lib2.mat
  artifactKey: Guid(3b25793ea88a9664d9ccc9022bdf48cc) Importer(815301076,1909f56bfc062723c751e8b465ee728b)
Start importing Assets/Scenes/objetos/Libros/lib2.mat using Guid(3b25793ea88a9664d9ccc9022bdf48cc) Importer(815301076,1909f56bfc062723c751e8b465ee728b) (PreviewImporter) -> (artifact id: 'da8580e556f5cfdb68db44d6ab9a06b4') in 0.0150048 seconds
Number of updated asset objects reloaded before import = 0Number of asset objects unloaded after import = 2

========================================================================
Received Import Request.
  Time since last request: 0.000024 seconds.
  path: Assets/Scenes/objetos/Libros/LIBRO1COLOR.png
  artifactKey: Guid(be0d61ac027e8e14390730b4ddfb91bb) Importer(815301076,1909f56bfc062723c751e8b465ee728b)
Start importing Assets/Scenes/objetos/Libros/LIBRO1COLOR.png using Guid(be0d61ac027e8e14390730b4ddfb91bb) Importer(815301076,1909f56bfc062723c751e8b465ee728b) (PreviewImporter) -> (artifact id: '2312e406589f79a394c36523eebea112') in 0.0187254 seconds
Number of updated asset objects reloaded before import = 0Number of asset objects unloaded after import = 2

========================================================================
Received Import Request.
  Time since last request: 0.000103 seconds.
  path: Assets/Scenes/objetos/Libros/lib6.mat
  artifactKey: Guid(4f6a2f078d83c5e448d671179923cd36) Importer(815301076,1909f56bfc062723c751e8b465ee728b)
Start importing Assets/Scenes/objetos/Libros/lib6.mat using Guid(4f6a2f078d83c5e448d671179923cd36) Importer(815301076,1909f56bfc062723c751e8b465ee728b) (PreviewImporter) -> (artifact id: 'a1c7ed09dd92d9843ed3d59136e2dd07') in 0.0156826 seconds
Number of updated asset objects reloaded before import = 0Number of asset objects unloaded after import = 2

========================================================================
Received Import Request.
  Time since last request: 0.000019 seconds.
  path: Assets/Scenes/objetos/Libros/lib11.mat
  artifactKey: Guid(137e7f22ebc9ea04cb7c1e18d565d0ce) Importer(815301076,1909f56bfc062723c751e8b465ee728b)
Start importing Assets/Scenes/objetos/Libros/lib11.mat using Guid(137e7f22ebc9ea04cb7c1e18d565d0ce) Importer(815301076,1909f56bfc062723c751e8b465ee728b) (PreviewImporter) -> (artifact id: 'd41f4089908e609a3ea872641e145e97') in 0.0090661 seconds
Number of updated asset objects reloaded before import = 0Number of asset objects unloaded after import = 1

========================================================================
Received Import Request.
  Time since last request: 0.000078 seconds.
  path: Assets/Scenes/objetos/Libros/lib10.mat
  artifactKey: Guid(223867cbe9681b94787b511c7247433b) Importer(815301076,1909f56bfc062723c751e8b465ee728b)
Start importing Assets/Scenes/objetos/Libros/lib10.mat using Guid(223867cbe9681b94787b511c7247433b) Importer(815301076,1909f56bfc062723c751e8b465ee728b) (PreviewImporter) -> (artifact id: '01671287dcc309333e7e8fca9937f8a9') in 0.0099216 seconds
Number of updated asset objects reloaded before import = 0Number of asset objects unloaded after import = 1

========================================================================
Received Import Request.
  Time since last request: 0.000023 seconds.
  path: Assets/Scenes/objetos/Libros/lib9.mat
  artifactKey: Guid(afe2c011e20809e46afb2078a5c5a02a) Importer(815301076,1909f56bfc062723c751e8b465ee728b)
Start importing Assets/Scenes/objetos/Libros/lib9.mat using Guid(afe2c011e20809e46afb2078a5c5a02a) Importer(815301076,1909f56bfc062723c751e8b465ee728b) (PreviewImporter) -> (artifact id: 'c59e64c5306aff7c5b76f88eadce4713') in 0.0148636 seconds
Number of updated asset objects reloaded before import = 0Number of asset objects unloaded after import = 2

========================================================================
Received Import Request.
  Time since last request: 128.196828 seconds.
  path: Assets/Scenes/objetos/Libros/Materials/Copilot_20260505_122739.mat
  artifactKey: Guid(edd7079ebe789fb4f816f913f789fc50) Importer(2089858483,b0f066a214c2f5e87bad3c948f4d605d)
Start importing Assets/Scenes/objetos/Libros/Materials/Copilot_20260505_122739.mat using Guid(edd7079ebe789fb4f816f913f789fc50) Importer(2089858483,b0f066a214c2f5e87bad3c948f4d605d) (ScriptedImporter) -> (artifact id: 'f12dea0b6a66749e1568a63b36701161') in 0.0802728 seconds
Number of updated asset objects reloaded before import = 0Number of asset objects unloaded after import = 2

========================================================================
Received Import Request.
  Time since last request: 66.603388 seconds.
  path: Assets/Scenes/objetos/Libros/hojas 2.mat
  artifactKey: Guid(ea5bce3aa811bf049b16b9ca0e9f9109) Importer(815301076,1909f56bfc062723c751e8b465ee728b)
Start importing Assets/Scenes/objetos/Libros/hojas 2.mat using Guid(ea5bce3aa811bf049b16b9ca0e9f9109) Importer(815301076,1909f56bfc062723c751e8b465ee728b) (PreviewImporter) -> (artifact id: 'bf33157208ae50819edd81d6f509493c') in 0.007954 seconds
Number of updated asset objects reloaded before import = 0Number of asset objects unloaded after import = 1

========================================================================
Received Import Request.
  Time since last request: 0.960813 seconds.
  path: Assets/Scenes/objetos/Libros/hojas 2.mat
  artifactKey: Guid(ea5bce3aa811bf049b16b9ca0e9f9109) Importer(2089858483,b0f066a214c2f5e87bad3c948f4d605d)
Start importing Assets/Scenes/objetos/Libros/hojas 2.mat using Guid(ea5bce3aa811bf049b16b9ca0e9f9109) Importer(2089858483,b0f066a214c2f5e87bad3c948f4d605d) (ScriptedImporter) -> (artifact id: '3dae5aef35134bb433808a3cf20900fa') in 0.0061438 seconds
Number of updated asset objects reloaded before import = 0Number of asset objects unloaded after import = 1

========================================================================
Received Import Request.
  Time since last request: 26.268670 seconds.
  path: Assets/Scenes/objetos/Libros/hojas 1.mat
  artifactKey: Guid(2e258108fff67dd458aace751d4595c5) Importer(815301076,1909f56bfc062723c751e8b465ee728b)
Start importing Assets/Scenes/objetos/Libros/hojas 1.mat using Guid(2e258108fff67dd458aace751d4595c5) Importer(815301076,1909f56bfc062723c751e8b465ee728b) (PreviewImporter) -> (artifact id: '5b3ea8b432ee4603f5a89aaf8d90aa2c') in 0.0176252 seconds
Number of updated asset objects reloaded before import = 0Number of asset objects unloaded after import = 2

